[2024-07-06T08:44:39.958287+00:00] app.INFO: Fetching all articles [] []
[2024-07-06T08:46:17.313282+00:00] app.INFO: Fetching all articles [] []
[2024-07-06T08:51:26.384460+00:00] app.INFO: Fetching all articles [] []
[2024-07-06T08:51:38.550768+00:00] app.INFO: Fetching all articles [] []
[2024-07-06T08:52:11.293625+00:00] app.INFO: Fetching article with id 1 [] []
[2024-07-06T09:37:56.864736+00:00] app.INFO: Fetching all articles [] []
[2024-07-06T09:40:23.508689+00:00] app.INFO: Fetching all articles [] []
[2024-07-06T09:44:47.555073+00:00] app.INFO: Fetching all articles [] []
[2024-07-06T10:02:02.288042+00:00] app.INFO: Fetching all articles [] []
[2024-07-06T10:02:25.602605+00:00] app.INFO: Fetching all articles [] []
[2024-07-06T10:02:35.103983+00:00] app.INFO: Fetching article with id 1 [] []
[2024-07-06T10:02:42.534983+00:00] app.INFO: Fetching article with id 2 [] []
[2024-07-06T10:03:59.862344+00:00] app.INFO: Fetching article with id 1 [] []
[2024-07-06T11:49:02.891381+00:00] app.INFO: Fetching all articles [] []
[2024-07-06T13:28:22.395735+00:00] app.INFO: Fetching all articles [] []
[2024-07-06T20:29:42.168538+00:00] app.INFO: Fetched all articles. [] []
[2024-07-06T20:29:56.627164+00:00] app.INFO: Fetched all articles. [] []
[2024-07-06T20:30:05.888099+00:00] app.INFO: Fetched article with ID: 1 [] []
[2024-07-06T20:30:15.002790+00:00] app.INFO: Fetched all articles. [] []
[2024-07-06T20:30:31.219200+00:00] app.INFO: Fetched article with ID: 3 [] []
[2024-07-06T20:31:33.549657+00:00] app.INFO: Fetched all articles. [] []
[2024-07-06T20:32:31.823074+00:00] app.INFO: Fetched article with ID: 2 [] []
[2024-07-06T20:32:53.100716+00:00] app.INFO: Fetched all articles. [] []
[2024-07-06T20:34:11.314013+00:00] app.INFO: Created a new article with title: Medival PHP [] []
[2024-07-06T20:34:13.876505+00:00] app.INFO: Fetched all articles. [] []
[2024-07-06T20:34:36.920274+00:00] app.INFO: Fetched all articles. [] []
[2024-07-06T20:34:45.900422+00:00] app.INFO: Fetched article with ID: 3 [] []
[2024-07-06T20:34:59.485784+00:00] app.INFO: Fetched all articles. [] []
[2024-07-06T20:35:06.819106+00:00] app.INFO: Fetched article with ID: 4 [] []
[2024-07-06T20:38:58.544599+00:00] app.INFO: Fetched article with ID: 4 [] []
[2024-07-06T20:38:58.665081+00:00] app.INFO: Updated article with ID: 4 [] []
[2024-07-06T20:39:01.034757+00:00] app.INFO: Fetched all articles. [] []
[2024-07-06T20:46:51.539022+00:00] app.INFO: Fetched article with ID: 1 [] []
[2024-07-06T20:46:59.448998+00:00] app.INFO: Fetched article with ID: 1 [] []
[2024-07-06T20:47:20.437839+00:00] app.INFO: Fetched article with ID: 1 [] []
[2024-07-06T20:47:20.526196+00:00] app.INFO: Updated article with ID: 1 [] []
[2024-07-06T20:47:22.548065+00:00] app.INFO: Fetched all articles. [] []
[2024-07-06T20:50:52.819504+00:00] app.INFO: Fetched article with ID: 2 [] []
[2024-07-06T20:51:14.298536+00:00] app.INFO: Fetched article with ID: 2 [] []
[2024-07-06T20:51:14.395307+00:00] app.INFO: Updated article with ID: 2 [] []
[2024-07-06T20:51:17.068737+00:00] app.INFO: Fetched all articles. [] []
[2024-07-06T20:53:14.664399+00:00] app.INFO: Fetched article with ID: 2 [] []
[2024-07-06T20:53:25.252695+00:00] app.INFO: Fetched all articles. [] []
[2024-07-06T20:53:33.137670+00:00] app.INFO: Fetched article with ID: 3 [] []
[2024-07-06T20:53:55.631588+00:00] app.INFO: Fetched article with ID: 3 [] []
[2024-07-06T20:53:55.719984+00:00] app.INFO: Updated article with ID: 3 [] []
[2024-07-06T20:53:58.380086+00:00] app.INFO: Fetched all articles. [] []
[2024-07-06T20:54:25.011730+00:00] app.INFO: Fetched article with ID: 3 [] []
[2024-07-06T20:54:41.696555+00:00] app.INFO: Fetched article with ID: 3 [] []
[2024-07-06T20:54:41.791127+00:00] app.INFO: Updated article with ID: 3 [] []
[2024-07-06T20:54:43.162133+00:00] app.INFO: Fetched all articles. [] []
[2024-07-06T20:59:36.631178+00:00] app.INFO: Created a new article with title: Title: The Medieval Terminator [] []
[2024-07-06T20:59:39.343925+00:00] app.INFO: Fetched all articles. [] []
[2024-07-06T21:02:11.339533+00:00] app.INFO: Created a new article with title: Why did Da Vinci the programmer never finish his projects? He kept trying to optimize his code to the "Golden Ratio." [] []
[2024-07-06T21:02:13.913652+00:00] app.INFO: Fetched all articles. [] []
[2024-07-06T21:18:56.286512+00:00] app.INFO: Fetched all articles. [] []
[2024-07-06T21:29:02.082000+00:00] app.INFO: Fetched all articles. [] []
[2024-07-07T10:30:02.120830+00:00] app.INFO: Fetched all articles. [] []
[2024-07-07T10:31:55.898389+00:00] app.INFO: Fetched article with ID: 1 [] []
[2024-07-07T10:32:02.280108+00:00] app.INFO: Fetched all articles. [] []
[2024-07-09T10:52:36.161903+00:00] app.INFO: Fetched all articles. [] []
[2024-07-09T10:53:28.131762+00:00] app.INFO: Fetched article with ID: 6 [] []
[2024-07-09T10:56:35.093546+00:00] app.INFO: Fetched all articles. [] []
[2024-07-09T10:57:01.549552+00:00] app.INFO: Fetched article with ID: 1 [] []
[2024-07-09T10:57:31.859742+00:00] app.INFO: Fetched all articles. [] []
[2024-07-09T10:57:47.643961+00:00] app.INFO: Fetched article with ID: 1 [] []
[2024-07-09T10:58:26.850889+00:00] app.INFO: Fetched all articles. [] []
[2024-07-09T10:58:38.949696+00:00] app.INFO: Fetched article with ID: 4 [] []
[2024-07-09T10:59:00.464914+00:00] app.INFO: Fetched all articles. [] []
[2024-07-09T11:10:25.058910+00:00] app.INFO: Fetched all articles. [] []
[2024-07-09T11:10:49.235019+00:00] app.INFO: Fetched all articles. [] []
[2024-07-09T11:10:53.806407+00:00] app.INFO: Fetched article with ID: 6 [] []
[2024-07-09T11:11:14.675920+00:00] app.INFO: Fetched all articles. [] []
[2024-07-09T11:11:24.731620+00:00] app.INFO: Fetched article with ID: 1 [] []
[2024-07-09T11:11:51.300481+00:00] app.INFO: Fetched all articles. [] []
[2024-07-09T11:15:18.119258+00:00] app.INFO: Fetched all articles. [] []
[2024-07-09T11:16:30.159487+00:00] app.INFO: Fetched all articles. [] []
[2024-07-09T11:16:43.578865+00:00] app.INFO: Fetched article with ID: 4 [] []
[2024-07-09T11:17:01.125009+00:00] app.INFO: Fetched all articles. [] []
[2024-07-09T11:28:02.483943+00:00] app.INFO: Fetched all articles. [] []
[2024-07-09T11:28:14.254906+00:00] app.INFO: Fetched article with ID: 1 [] []
[2024-07-09T11:28:31.159785+00:00] app.INFO: Fetched all articles. [] []
[2024-07-09T11:28:57.665106+00:00] app.INFO: Created a new article with title: Time [] []
[2024-07-09T11:28:57.743123+00:00] app.INFO: Fetched all articles. [] []
[2024-07-09T11:29:08.499416+00:00] app.INFO: Fetched article with ID: 1 [] []
[2024-07-09T11:29:21.133065+00:00] app.INFO: Fetched all articles. [] []
[2024-07-09T11:48:35.231063+00:00] app.INFO: Fetched all articles. [] []
[2024-07-09T11:48:40.964444+00:00] app.INFO: Fetched article with ID: 2 [] []
[2024-07-09T11:48:57.779967+00:00] app.INFO: Fetched all articles. [] []
[2024-07-09T11:49:08.912962+00:00] app.INFO: Fetched article with ID: 1 [] []
[2024-07-09T11:49:25.582639+00:00] app.INFO: Fetched all articles. [] []
[2024-07-09T12:04:22.431906+00:00] app.INFO: Fetched all articles. [] []
[2024-07-09T12:04:33.461265+00:00] app.INFO: Fetched article with ID: 4 [] []
[2024-07-09T12:04:49.395447+00:00] app.INFO: Fetched all articles. [] []
[2024-07-09T12:05:01.620366+00:00] app.INFO: Fetched article with ID: 2 [] []
[2024-07-09T12:05:11.549733+00:00] app.INFO: Fetched all articles. [] []
[2024-07-09T12:23:18.750385+00:00] app.INFO: Fetched all articles. [] []
[2024-07-09T12:23:38.548183+00:00] app.INFO: Fetched all articles. [] []
[2024-07-09T12:23:49.751117+00:00] app.INFO: Fetched article with ID: 2 [] []
[2024-07-09T12:24:06.686914+00:00] app.INFO: Fetched all articles. [] []
[2024-07-09T12:24:18.099055+00:00] app.INFO: Fetched article with ID: 3 [] []
[2024-07-09T12:24:32.140544+00:00] app.INFO: Fetched all articles. [] []
[2024-07-09T12:25:57.161158+00:00] app.INFO: Fetched all articles. [] []
[2024-07-09T12:26:25.637550+00:00] app.INFO: Fetched article with ID: 2 [] []
[2024-07-09T12:26:53.364801+00:00] app.INFO: Fetched article with ID: 2 [] []
[2024-07-09T12:27:09.264553+00:00] app.INFO: Fetched article with ID: 2 [] []
[2024-07-09T12:27:09.322627+00:00] app.INFO: Updated article with ID: 2 [] []
[2024-07-09T12:27:09.356433+00:00] app.INFO: Fetched all articles. [] []
[2024-07-09T12:27:21.034711+00:00] app.INFO: Fetched article with ID: 7 [] []
[2024-07-09T12:28:32.604821+00:00] app.INFO: Fetched article with ID: 7 [] []
[2024-07-09T12:29:01.295044+00:00] app.INFO: Fetched article with ID: 7 [] []
[2024-07-09T12:29:01.349893+00:00] app.INFO: Updated article with ID: 7 [] []
[2024-07-09T12:29:01.391845+00:00] app.INFO: Fetched all articles. [] []
[2024-07-09T12:30:49.947859+00:00] app.INFO: Fetched article with ID: 1 [] []
[2024-07-09T12:30:57.223153+00:00] app.INFO: Fetched all articles. [] []
[2024-07-09T12:31:26.027893+00:00] app.INFO: Created a new article with title: Elon Musk unveils a new Master Plan, a path to sustainable energy future, but no new cars [] []
[2024-07-09T12:31:26.099639+00:00] app.INFO: Fetched all articles. [] []
[2024-07-09T12:32:30.008024+00:00] app.INFO: Created a new article with title: jaba [] []
[2024-07-09T12:32:30.079976+00:00] app.INFO: Fetched all articles. [] []
[2024-07-09T12:32:44.060943+00:00] app.INFO: Fetched article with ID: 9 [] []
[2024-07-09T12:33:13.163543+00:00] app.INFO: Fetched article with ID: 9 [] []
[2024-07-09T12:33:34.484217+00:00] app.INFO: Fetched article with ID: 9 [] []
[2024-07-09T12:33:58.045941+00:00] app.INFO: Fetched article with ID: 9 [] []
[2024-07-09T12:34:19.094536+00:00] app.INFO: Fetched article with ID: 9 [] []
[2024-07-09T12:34:45.824837+00:00] app.INFO: Fetched article with ID: 9 [] []
[2024-07-09T12:34:50.961544+00:00] app.INFO: Fetched article with ID: 9 [] []
[2024-07-09T12:34:53.496030+00:00] app.INFO: Fetched all articles. [] []
[2024-07-09T12:35:30.716483+00:00] app.INFO: Fetched article with ID: 9 [] []
[2024-07-09T12:35:55.122049+00:00] app.INFO: Fetched article with ID: 9 [] []
[2024-07-09T12:36:04.037677+00:00] app.INFO: Fetched all articles. [] []
[2024-07-09T12:36:11.890661+00:00] app.INFO: Fetched article with ID: 5 [] []
[2024-07-09T12:37:12.683287+00:00] app.INFO: Fetched article with ID: 5 [] []
[2024-07-09T12:37:58.045150+00:00] app.INFO: Fetched article with ID: 5 [] []
[2024-07-09T12:39:44.199031+00:00] app.INFO: Fetched all articles. [] []
[2024-07-09T12:40:14.035225+00:00] app.INFO: Fetched article with ID: 0 [] []
[2024-07-09T12:40:37.342522+00:00] app.INFO: Fetched all articles. [] []
[2024-07-09T12:40:45.062379+00:00] app.INFO: Fetched article with ID: 2 [] []
[2024-07-09T12:40:58.606467+00:00] app.INFO: Fetched all articles. [] []
[2024-07-09T12:41:33.357558+00:00] app.INFO: Fetched article with ID: 2 [] []
[2024-07-09T12:41:36.627926+00:00] app.INFO: Fetched article with ID: 2 [] []
[2024-07-09T12:41:36.685526+00:00] app.INFO: Updated article with ID: 2 [] []
[2024-07-09T12:41:36.730514+00:00] app.INFO: Fetched all articles. [] []
[2024-07-09T12:42:10.184422+00:00] app.INFO: Fetched article with ID: 0 [] []
[2024-07-09T12:42:20.377586+00:00] app.INFO: Fetched all articles. [] []
[2024-07-09T13:04:23.234753+00:00] app.INFO: Fetched all articles. [] []
[2024-07-09T13:04:45.945004+00:00] app.INFO: Fetched all articles. [] []
[2024-07-09T13:04:51.727314+00:00] app.INFO: Fetched article with ID: 9 [] []
[2024-07-09T13:05:09.141105+00:00] app.INFO: Fetched all articles. [] []
[2024-07-09T13:05:17.370458+00:00] app.INFO: Fetched article with ID: 3 [] []
[2024-07-09T13:05:37.286964+00:00] app.INFO: Fetched all articles. [] []
[2024-07-09T13:12:15.556811+00:00] app.INFO: Fetched all articles. [] []
[2024-07-09T13:12:23.037191+00:00] app.INFO: Fetched article with ID: 2 [] []
[2024-07-09T13:12:32.146257+00:00] app.INFO: Fetched article with ID: 2 [] []
[2024-07-09T13:12:32.166445+00:00] app.INFO: Updated article with ID: 2 [] []
[2024-07-09T13:12:32.178895+00:00] app.INFO: Fetched all articles. [] []
[2024-07-09T13:12:46.414557+00:00] app.INFO: Fetched all articles. [] []
[2024-07-09T13:12:54.712871+00:00] app.INFO: Fetched article with ID: 9 [] []
[2024-07-09T13:13:05.097833+00:00] app.INFO: Fetched all articles. [] []
[2024-07-09T13:13:12.142274+00:00] app.INFO: Fetched article with ID: 9 [] []
[2024-07-09T13:13:38.601220+00:00] app.INFO: Fetched all articles. [] []
[2024-07-09T13:16:05.429002+00:00] app.INFO: Fetched all articles. [] []
[2024-07-09T13:16:21.218379+00:00] app.INFO: Fetched article with ID: 2 [] []
[2024-07-09T13:16:23.982154+00:00] app.INFO: Fetched article with ID: 2 [] []
[2024-07-09T13:16:24.003154+00:00] app.INFO: Updated article with ID: 2 [] []
[2024-07-09T13:16:24.015587+00:00] app.INFO: Fetched all articles. [] []
[2024-07-09T13:17:12.355614+00:00] app.INFO: Fetched all articles. [] []
[2024-07-09T13:17:20.935003+00:00] app.INFO: Fetched all articles. [] []
[2024-07-09T13:17:35.111705+00:00] app.INFO: Fetched article with ID: 9 [] []
[2024-07-09T13:17:59.714187+00:00] app.INFO: Added a new comment to article ID: 9 [] []
[2024-07-09T13:17:59.801053+00:00] app.INFO: Fetched article with ID: 9 [] []
[2024-07-09T13:18:30.296694+00:00] app.INFO: Fetched all articles. [] []
[2024-07-09T13:18:34.673748+00:00] app.INFO: Fetched article with ID: 9 [] []
[2024-07-09T13:18:37.953275+00:00] app.INFO: Fetched all articles. [] []
[2024-07-09T13:18:46.125119+00:00] app.INFO: Fetched article with ID: 2 [] []
[2024-07-09T13:20:02.200210+00:00] app.INFO: Added a new comment to article ID: 2 [] []
[2024-07-09T13:20:02.258336+00:00] app.INFO: Fetched article with ID: 2 [] []
[2024-07-09T13:20:13.596789+00:00] app.INFO: Fetched all articles. [] []
[2024-07-09T13:20:20.306084+00:00] app.INFO: Fetched all articles. [] []
[2024-07-09T13:20:35.774737+00:00] app.INFO: Fetched all articles. [] []
[2024-07-09T13:20:41.189833+00:00] app.INFO: Fetched article with ID: 9 [] []
[2024-07-09T13:20:56.474659+00:00] app.INFO: Added a new comment to article ID: 9 [] []
[2024-07-09T13:20:56.534846+00:00] app.INFO: Fetched article with ID: 9 [] []
[2024-07-09T13:21:00.521086+00:00] app.INFO: Fetched all articles. [] []
[2024-07-09T13:21:04.230774+00:00] app.INFO: Fetched all articles. [] []
[2024-07-09T13:21:20.956666+00:00] app.INFO: Fetched article with ID: 1 [] []
[2024-07-09T13:21:28.792478+00:00] app.INFO: Fetched all articles. [] []
[2024-07-09T13:21:31.863720+00:00] app.INFO: Fetched article with ID: 1 [] []
[2024-07-09T13:22:57.409302+00:00] app.INFO: Added a new comment to article ID: 1 [] []
[2024-07-09T13:22:57.542434+00:00] app.INFO: Fetched article with ID: 1 [] []
[2024-07-09T13:23:02.233127+00:00] app.INFO: Fetched all articles. [] []
[2024-07-09T13:34:04.390017+00:00] app.INFO: Fetched all articles. [] []
[2024-07-09T13:34:19.680544+00:00] app.INFO: Fetched all articles. [] []
[2024-07-09T13:34:29.932772+00:00] app.INFO: Fetched article with ID: 1 [] []
[2024-07-09T13:34:31.922098+00:00] app.INFO: Fetched all articles. [] []
[2024-07-09T13:34:33.668941+00:00] app.INFO: Fetched article with ID: 2 [] []
[2024-07-09T13:34:34.782231+00:00] app.INFO: Fetched all articles. [] []
[2024-07-09T13:34:36.810753+00:00] app.INFO: Fetched article with ID: 3 [] []
[2024-07-09T13:35:14.584402+00:00] app.INFO: Added a new comment to article ID: 3 [] []
[2024-07-09T13:35:14.645752+00:00] app.INFO: Fetched article with ID: 3 [] []
[2024-07-09T13:35:19.497945+00:00] app.INFO: Fetched all articles. [] []
[2024-07-09T13:35:25.795970+00:00] app.INFO: Fetched all articles. [] []
[2024-07-09T13:38:08.622638+00:00] app.INFO: Fetched all articles. [] []
[2024-07-09T13:38:15.343478+00:00] app.INFO: Fetched article with ID: 2 [] []
[2024-07-09T13:38:18.563412+00:00] app.INFO: Fetched all articles. [] []
[2024-07-09T13:38:48.426087+00:00] app.INFO: Fetched article with ID: 2 [] []
[2024-07-09T13:39:36.633072+00:00] app.INFO: Fetched article with ID: 2 [] []
[2024-07-09T13:39:36.647770+00:00] app.INFO: Updated article with ID: 2 [] []
[2024-07-09T13:39:36.660156+00:00] app.INFO: Fetched all articles. [] []
[2024-07-09T14:13:38.257889+00:00] app.INFO: Fetched all articles. [] []
[2024-07-09T14:13:50.800980+00:00] app.INFO: Fetched all articles. [] []
[2024-07-09T14:13:57.832459+00:00] app.INFO: Fetched article with ID: 2 [] []
[2024-07-09T14:14:15.519852+00:00] app.INFO: Fetched all articles. [] []
